C51 COMPILER V9.60.7.0   DS1302                                                            02/26/2025 14:19:21 PAGE 1   


C51 COMPILER V9.60.7.0, COMPILATION OF MODULE DS1302
OBJECT MODULE PLACED IN .\Objects\DS1302.obj
COMPILER INVOKED BY: D:\Keil5\C51\BIN\C51.EXE DS1302.c OPTIMIZE(8,SPEED) BROWSE DEBUG OBJECTEXTEND PRINT(.\Listings\DS13
                    -02.lst) TABS(2) OBJECT(.\Objects\DS1302.obj)

line level    source

   1          #include <STC12C5A60S2.H>
   2          
   3          //å¼•è„šå®šä¹‰ï¼›
   4          sbit  DS1302_SCLK=P3^3;
   5          sbit  DS1302_CE=P3^2;
   6          sbit  DS1302_IO=P3^1;
   7          
   8          //å¯¹åº”å¯„å­˜å™¨ä½ç½®å®šä¹‰
   9          #define  DS1302_SECOND    0X80
  10          #define  DS1302_MINUTE    0X82
  11          #define  DS1302_HOUR      0X84
  12          #define  DS1302_DATE      0X86
  13          #define  DS1302_MONTH       0X88
  14          #define  DS1302_DAY         0X8A
  15          #define  DS1302_YEAR        0X8C
  16          #define  DS1302_WP          0X8E 
  17          
  18          //å®šä¹‰æ•°ç»„ï¼Œç”¨äºå­˜æ”¾è®¾å®šçš„æ—¶é—´ï¼Œå¹´æœˆæ—¥æ—¶åˆ†ç§’æ˜ŸæœŸ
  19          unsigned char DS1302_Time[]={23,10,28,19,03,55,6};//é¡ºåºï¼šå¹´æœˆæ—¥æ—¶åˆ†ç§’æ˜ŸæœŸ
  20          /**
  21          *@breaf DS1302åˆå§‹åŒ–
  22          *@paramæ— 
  23          *@retvalæ— 
  24          */
  25          void  DS1302_Init()
  26          {
  27   1        DS1302_CE = 0; // å°†ä½¿èƒ½ä½ç½®0ï¼Œä½ç”µå¹³ï¼›
  28   1        DS1302_SCLK=0;//å°†æ—¶é’Ÿä½ç½®0ï¼Œä½ç”µå¹³ï¼›
  29   1      }
  30          
  31          /**
  32          *@breaf DS1302å•å­—èŠ‚å†™å…¥å‡½æ•°
  33          *@param commandï¼šå†™å…¥æ§åˆ¶æŒ‡ä»¤çš„æŒ‡ä»¤ï¼ŒåŒ…å«è¦å†™å…¥å¯„å­˜å™¨çš„åœ°å€ï¼›
  34          *@param Dataï¼šå°†è¦å†™å…¥çš„æ•°æ®å†…å®¹ï¼›
  35          *@retval æ— 
  36          */
  37          void  DS1302_WriteBety(unsigned char command, Data)
  38          {
  39   1        unsigned char i;
  40   1        DS1302_CE = 1;//ä½¿èƒ½ä½ç½®é«˜ç”µå¹³ï¼›
  41   1        for (i = 0; i<8; i++)//æ§åˆ¶å¯„å­˜å™¨æ•°æ®éœ€è¦é€šè¿‡IOçº¿ä¸€ä¸ªä¸€ä¸ªå†™å…¥æ§åˆ¶å¯„å­˜å™¨;ä½ä½å…ˆå
             -†™å…¥
  42   1        {
  43   2          DS1302_IO = command&(0x01 << i);//ç›¸å½“äºæŠŠç¬¬1--7ä½ç½®0ï¼Œåªç•™ç¬¬0ä½ï¼Œå¦‚æœç¬¬0ä½æ˜¯0ï¼Œåˆ™ä¸
             -º0ï¼›åä¹‹åˆ™ä¸º1ï¼›
  44   2          DS1302_SCLK = 1;
  45   2          DS1302_SCLK = 0;
  46   2        }
  47   1      
  48   1        for (i = 0; i<8; i++)//æ•°æ®å†™å…¥
  49   1        {
  50   2          DS1302_IO = Data&(0x01 << i);//ç›¸å½“äºæŠŠç¬¬1--7ä½ç½®0ï¼Œåªç•™ç¬¬0ä½ï¼Œå¦‚æœç¬¬0ä½æ˜¯0ï¼Œåˆ™ä¸º0ï
             -¼›åä¹‹åˆ™ä¸º1ï¼›
  51   2          DS1302_SCLK = 1;
C51 COMPILER V9.60.7.0   DS1302                                                            02/26/2025 14:19:21 PAGE 2   

  52   2          DS1302_SCLK = 0;
  53   2        }
  54   1        DS1302_CE = 0;
  55   1      }
  56          
  57          /**
  58          *@breaf  DS1302å•å­—èŠ‚è¯»å‡ºå‡½æ•°
  59          *@param commandï¼šå†™å…¥æ§åˆ¶æŒ‡ä»¤çš„æŒ‡ä»¤ï¼ŒåŒ…å«è¦è¯»å‡ºå¯„å­˜å™¨çš„åœ°å€ï¼›
  60          *@retval Dataï¼šè¯»å‡ºçš„æ•°æ®ï¼›
  61          */
  62          unsigned char   DS1302_ReadBety(unsigned char command)
  63          {
  64   1        unsigned i, Data = 0X00;
  65   1        command |= 0X01;//å†™å…¥æŒ‡ä»¤ä¸è¯»å‡ºæŒ‡ä»¤åªåœ¨æœ€åä¸€ä½ç›¸å·®1ï¼Œæ•…åœ¨æ­¤åˆ©ç”¨æˆ–è¿ç®—æ¶ˆé™¤ï¼
             -›
  66   1        DS1302_CE = 1;//ä½¿èƒ½ä½ç½®é«˜ç”µå¹³ï¼›
  67   1        for (i = 0; i<8; i++)//æ§åˆ¶å¯„å­˜å™¨æ•°æ®éœ€è¦é€šè¿‡IOçº¿ä¸€ä¸ªä¸€ä¸ªå†™å…¥æ§åˆ¶å¯„å­˜å™¨;ä½ä½å…ˆå
             -†™å…¥
  68   1        {
  69   2          DS1302_IO = command&(0x01 << i);//ç›¸å½“äºæŠŠç¬¬1--7ä½ç½®0ï¼Œåªç•™ç¬¬0ä½ï¼Œå¦‚æœç¬¬0ä½æ˜¯0ï¼Œåˆ™ä¸
             -º0ï¼›åä¹‹åˆ™ä¸º1ï¼›
  70   2          DS1302_SCLK = 0;
  71   2          DS1302_SCLK = 1;
  72   2        }
  73   1        DS1302_IO = 0;
  74   1        for (i = 0; i<8; i++)//æ•°æ®è¯»å‡º
  75   1        {
  76   2          DS1302_SCLK = 1;
  77   2          DS1302_SCLK = 0;
  78   2          if (DS1302_IO)
  79   2          {
  80   3            Data |= (0X01 << i);
  81   3          }
  82   2        }
  83   1        DS1302_CE = 0;
  84   1        return Data;
  85   1      }
  86          
  87          /**
  88          *@breaf å‘DS1302å†…è®¾å®šæ—¶é—´
  89          *@paramæ— 
  90          *@retvalæ— 
  91          */
  92          void DS1302_SetTime()
  93          {
  94   1        DS1302_WriteBety(DS1302_WP, 0x00);//æ“ä½œ DS1302 ä¹‹å‰ï¼Œå…³é—­å†™ä¿æŠ¤ï¼Œä¸ç„¶æŒ‡ä»¤æ— æ³•è¿›å…¥æ§å
             -ˆ¶å¯„å­˜å™¨ï¼›
  95   1        // DS1302_WriteBety(DS1302_YEAR, DS1302_Time[0] / 10 * 16 + DS1302_Time[0] % 10);//å†™å…¥å¹´ï¼Œå¹¶å°†10è¿
             -›åˆ¶è½¬åŒ–BCDç ï¼›
  96   1        // DS1302_WriteBety(DS1302_MONTH, DS1302_Time[1] / 10 * 16 + DS1302_Time[1] % 10);//å†™å…¥æœˆï¼Œå¹¶å°†10è
             -¿›åˆ¶è½¬åŒ–BCDç ï¼›
  97   1        // DS1302_WriteBety(DS1302_DATE, DS1302_Time[2] / 10 * 16 + DS1302_Time[2] % 10);//å†™å…¥æ—¥ï¼Œå¹¶å°†10è¿
             -›åˆ¶è½¬åŒ–BCDç ï¼›
  98   1        // DS1302_WriteBety(DS1302_HOUR, DS1302_Time[3] / 10 * 16 + DS1302_Time[3] % 10);//å†™å…¥æ—¶ï¼Œå¹¶å°†10è¿
             -›åˆ¶è½¬åŒ–BCDç ï¼›
  99   1        DS1302_WriteBety(DS1302_MINUTE, DS1302_Time[4] / 10 * 16 + DS1302_Time[4] % 10);//å†™å…¥åˆ†ï¼Œå¹¶å°†10è¿›
             -åˆ¶è½¬åŒ–BCDç ï¼›
 100   1        DS1302_WriteBety(DS1302_SECOND, DS1302_Time[5] / 10 * 16 + DS1302_Time[5] % 10);//å†™å…¥ç§’ï¼Œå¹¶å°†10è¿›
             -åˆ¶è½¬åŒ–BCDç ï¼›
 101   1        //DS1302_WriteBety(DS1302_DAY, DS1302_Time[6] / 10 * 16 + DS1302_Time[6] % 10);//å†™å…¥æ˜ŸæœŸï¼Œå¹¶å°†10è
             -¿›åˆ¶è½¬åŒ–BCDç ï¼›
 102   1        DS1302_WriteBety(DS1302_WP, 0x80);//å†™å…¥ç»“æŸï¼Œå¼€å¯å†™ä¿æŠ¤ï¼›
C51 COMPILER V9.60.7.0   DS1302                                                            02/26/2025 14:19:21 PAGE 3   

 103   1      }
 104          
 105          /**
 106          *@breaf è¯»å–DS1302å†…æ—¶é—´
 107          *@paramæ— 
 108          *@retvalæ— 
 109          */void DS1302_ReadTime()
 110          {
 111   1      
 112   1          //DS1302_Time[3] = DS1302_ReadBety(DS1302_HOUR);//è¯»å–å°æ—¶BCDç ï¼›
 113   1          DS1302_Time[4]=DS1302_ReadBety(DS1302_MINUTE);//è¯»å–åˆ†é’ŸBCDç ï¼›
 114   1          DS1302_Time[5]=DS1302_ReadBety(DS1302_SECOND);//è¯»å–ç§’BCDç ï¼›
 115   1      
 116   1      }


MODULE INFORMATION:   STATIC OVERLAYABLE
   CODE SIZE        =    289    ----
   CONSTANT SIZE    =   ----    ----
   XDATA SIZE       =   ----    ----
   PDATA SIZE       =   ----    ----
   DATA SIZE        =      7       4
   IDATA SIZE       =   ----    ----
   BIT SIZE         =   ----    ----
END OF MODULE INFORMATION.


C51 COMPILATION COMPLETE.  0 WARNING(S),  0 ERROR(S)
