C51 COMPILER V9.60.7.0   ICC                                                               03/06/2025 15:22:02 PAGE 1   


C51 COMPILER V9.60.7.0, COMPILATION OF MODULE ICC
OBJECT MODULE PLACED IN .\Objects\ICC.obj
COMPILER INVOKED BY: D:\Keil5\C51\BIN\C51.EXE ICC.c OPTIMIZE(8,SPEED) BROWSE DEBUG OBJECTEXTEND PRINT(.\Listings\ICC.lst
                    -) TABS(2) OBJECT(.\Objects\ICC.obj)

line level    source

   1          #include <STC12C5A60S2.H>
   2          #include<ICC.h>
   3          #include <intrins.h>
   4          #include <lcd1602.h>
   5          #define uchar unsigned char
   6          #define uint unsigned int
   7          
   8          //数据线
   9          sbit IIC_SDA=P2^1;
  10          //时钟线
  11          sbit IIC_SCL=P2^2;
  12          
  13          /*
  14          函数功能: 发送起始信号
  15          当时钟线为高电平的时候，数据线由高电平变为低电平的过程
  16          */
  17          void IIC_SendStart(void)
  18          {
  19   1          uchar i=0;
  20   1          IIC_SCL=1;
  21   1          IIC_SDA=1;
  22   1          IIC_SDA=0;
  23   1          IIC_SCL=0; //总线开始工作、开始读写数据
  24   1      }
  25          
  26          /*
  27          函数功能: 停止信号
  28          当时钟线为高电平的时候，数据线由低电平变为高电平的过程
  29          */
  30          void IIC_SendStop(void)
  31          {
  32   1          uchar  i=0;
  33   1          IIC_SCL=0;
  34   1          IIC_SDA=0;
  35   1          IIC_SCL=1;
  36   1          IIC_SDA=1;
  37   1      }
  38          
  39          /*
  40          函数功能: 获取应答信号
  41          返 回 值: 0表示获取到应答 1表示没有获取到应答
  42          */
  43          uchar IIC_GetAck(void)
  44          {
  45   1          uchar i=0;
  46   1          IIC_SDA=1; //上拉
  47   1          IIC_SCL=0;
  48   1          IIC_SCL=1;
  49   1          while(IIC_SDA)
  50   1          {
  51   2              i++;
  52   2              if(i>250)return 1; //获取不到应答
  53   2          }
  54   1          IIC_SCL=0;
C51 COMPILER V9.60.7.0   ICC                                                               03/06/2025 15:22:02 PAGE 2   

  55   1          return 0;
  56   1      }
  57          
  58          /*
  59          函数功能: 发送应答信号
  60          函数参数：0表示应答 1表示非应答
  61          */
  62          void IIC_SendAck(uchar ack)
  63          {
  64   1          uchar i=0;
  65   1          IIC_SCL=0;
  66   1          if(ack)IIC_SDA=1; //发送非应答
  67   1          else IIC_SDA=0; //发送应答
  68   1          IIC_SCL=1;
  69   1          IIC_SCL=0;
  70   1      }
  71          
  72          /*
  73          函数功能: 发送一个字节数据
  74          */
  75          void IIC_SendOneByte(uchar dat)
  76          {
  77   1          uchar j=0,i=0;
  78   1          for(j=0;j<8;j++)
  79   1          {
  80   2              IIC_SCL=0;
  81   2              if(dat&0x80)IIC_SDA=1;
  82   2              else IIC_SDA=0;
  83   2              IIC_SCL=1;
  84   2              dat<<=1;
  85   2          }
  86   1          IIC_SCL=0;
  87   1      }
  88          
  89          /*
  90          函数功能: 接收一个字节数据
  91          */
  92          uchar IIC_RecvOneByte(void)
  93          {
  94   1          uchar i=0,j=0;
  95   1          uchar dat=0;
  96   1          for(j=0;j<8;j++)
  97   1          {
  98   2              IIC_SCL=0;
  99   2              IIC_SCL=1;
 100   2              dat<<=1; //表示默认收到0
 101   2              if(IIC_SDA)dat|=0x01;
 102   2          }
 103   1          IIC_SCL=0;
 104   1          return dat;
 105   1      }
 106          /*
 107          函数功能: 写一个字节
 108          函数参数:
 109              uchar addr 数据的位置(0~255)
 110              uchar dat 数据范围(0~255)
 111          */
 112          void AT24C02_WriteOneByte(uint addr,uchar dat)
 113          {
 114   1          IIC_SendStart();//起始信号
 115   1          IIC_SendOneByte(0xa0);//发送设备地址
 116   1          IIC_GetAck();//获取应答
C51 COMPILER V9.60.7.0   ICC                                                               03/06/2025 15:22:02 PAGE 3   

 117   1          IIC_SendOneByte(addr); //数据存放的地址
 118   1          IIC_GetAck();//获取应答
 119   1          IIC_SendOneByte(dat); //发送将要存放的数据
 120   1          IIC_GetAck();//获取应答
 121   1          IIC_SendStop(); //停止信号
 122   1          DelayMs(10); //等待写
 123   1      }
 124          
 125          /*
 126          函数功能: 读一个字节
 127          函数参数:
 128              uchar addr 数据的位置(0~255)
 129          返回值: 读到的数据
 130          */
 131          uchar AT24C02_ReadOneByte(uint addr)
 132          {
 133   1          uchar dat=0;
 134   1          IIC_SendStart();//起始信号
 135   1          IIC_SendOneByte(0xa0);//发送设备地址
 136   1          IIC_GetAck();//获取应答
 137   1          IIC_SendOneByte(addr); //将要读取数据的地址
 138   1          IIC_GetAck();//获取应答
 139   1          
 140   1          IIC_SendStart();//起始信号
 141   1          IIC_SendOneByte(0xa1);//发送设备地址          note：fixed here
 142   1          IIC_GetAck();//获取应答
 143   1          dat=IIC_RecvOneByte();//读取数据
 144   1          IIC_SendAck(1); //发送非应答
 145   1          IIC_SendStop(); //停止信号
 146   1          return dat;
 147   1      }
 148          
 149          
 150          
 151          //uchar at24c02_w[8]="1234567";
 152          //uchar at24c02_r[8];
 153          
 154          void Delay_Write() {
 155   1          unsigned int i;
 156   1          for (i = 0; i < 500; i++);  // 简单的延时循环，延时约5ms
 157   1      }


MODULE INFORMATION:   STATIC OVERLAYABLE
   CODE SIZE        =    234    ----
   CONSTANT SIZE    =   ----    ----
   XDATA SIZE       =   ----    ----
   PDATA SIZE       =   ----    ----
   DATA SIZE        =   ----       5
   IDATA SIZE       =   ----    ----
   BIT SIZE         =   ----    ----
END OF MODULE INFORMATION.


C51 COMPILATION COMPLETE.  0 WARNING(S),  0 ERROR(S)
