C51 COMPILER V9.60.7.0   LCD1602                                                           03/06/2025 15:22:02 PAGE 1   


C51 COMPILER V9.60.7.0, COMPILATION OF MODULE LCD1602
OBJECT MODULE PLACED IN .\Objects\lcd1602.obj
COMPILER INVOKED BY: D:\Keil5\C51\BIN\C51.EXE lcd1602.c OPTIMIZE(8,SPEED) BROWSE DEBUG OBJECTEXTEND PRINT(.\Listings\lcd
                    -1602.lst) TABS(2) OBJECT(.\Objects\lcd1602.obj)

line level    source

   1          #include <STC12C5A60S2.H>
   2          #include <lcd1602.h>
   3          #include <intrins.h>
   4          #define uchar unsigned char
   5          #define uint unsigned int
   6          
   7          
   8          
   9          //
  10          
  11          /*********************************************************/
  12          // 毫秒级的延时函数，time是要延时的毫秒数
  13          /*********************************************************/
  14          void DelayMs(uint time)
  15          {
  16   1        uint i,j;
  17   1        for(i=0;i<time;i++)
  18   1          for(j=0;j<112;j++);
  19   1      }
  20          
  21          
  22          /*********************************************************/
  23          // 1602液晶写命令函数，cmd就是要写入的命令
  24          /*********************************************************/
  25          void LcdWriteCmd(uchar cmd)
  26          { 
  27   1        LcdRs_P = 0;
  28   1        LcdRw_P = 0;
  29   1        LcdEn_P = 0;
  30   1        P1=cmd;
  31   1        DelayMs(2);
  32   1        LcdEn_P = 1;    
  33   1        DelayMs(2);
  34   1        LcdEn_P = 0;  
  35   1      }
  36          
  37          
  38          /*********************************************************/
  39          // 1602液晶写数据函数，dat就是要写入的数据
  40          /*********************************************************/
  41          void LcdWriteData(uchar dat)
  42          {
  43   1        LcdRs_P = 1; 
  44   1        LcdRw_P = 0;
  45   1        LcdEn_P = 0;
  46   1        P1=dat;
  47   1        DelayMs(2);
  48   1        LcdEn_P = 1;    
  49   1        DelayMs(2);
  50   1        LcdEn_P = 0;
  51   1      }
  52          
  53          
  54          /*********************************************************/
C51 COMPILER V9.60.7.0   LCD1602                                                           03/06/2025 15:22:02 PAGE 2   

  55          // 液晶光标定位函数
  56          /*********************************************************/
  57          void LcdGotoXY(uchar line,uchar column)
  58          {
  59   1        // 第一行
  60   1        if(line==0)        
  61   1          LcdWriteCmd(0x80+column); 
  62   1        // 第二行
  63   1        if(line==1)        
  64   1          LcdWriteCmd(0x80+0x40+column); 
  65   1      }
  66          
  67          
  68          
  69          /*********************************************************/
  70          // 液晶输出字符串函数
  71          /*********************************************************/
  72          void LcdPrintStr(uchar *str)
  73          {
  74   1        while(*str!='\0')
  75   1            LcdWriteData(*str++);
  76   1      }
  77          
  78          
  79          /*********************************************************/
  80          // 1602液晶功能初始化
  81          /*********************************************************/
  82          void LcdInit()
  83          {
  84   1        LcdWriteCmd(0x38);        // 16*2显示，5*7点阵，8位数据口
  85   1        LcdWriteCmd(0x0C);        // 开显示，不显示光标
  86   1        LcdWriteCmd(0x06);        // 地址加1，当写入数据后光标右移
  87   1        LcdWriteCmd(0x01);        // 清屏
  88   1      }
  89          
  90          /*********************************************************/
  91          // 开启LCD1602显示
  92          /*********************************************************/
  93          void LcdOn()   //开显示器，关光标与闪烁
  94          {
  95   1        LcdWriteCmd(0x0c);
  96   1      }
  97          /*********************************************************/
  98          //关闭LCD1602显示，但DDRAM中内容不丢失，重开后将恢复内容
  99          
 100          /*********************************************************/
 101          void LcdOff()  
 102          {
 103   1        LcdWriteCmd(0x08);
 104   1      }
 105          
 106          /*********************************************************/
 107          // 1602液晶显示内容初始化
 108          /*********************************************************/
 109          void LcdShowInit()
 110          {
 111   1        LcdGotoXY(0,0);                   // 定位到第0行第0列
 112   1        LcdPrintStr("             "); // 第0行显示“            ”
 113   1        LcdGotoXY(1,0);                   // 定位到第1行第0列
 114   1        LcdPrintStr("INPIUTING...       "); // 第1行显示“ ”
 115   1      }
 116          
C51 COMPILER V9.60.7.0   LCD1602                                                           03/06/2025 15:22:02 PAGE 3   

 117          
 118          // 将 unsigned char 转换为字符串的函数
 119          void display_key_on_lcd(unsigned char key) {
 120   1          uchar str[2];  // 因为按键值是 0~9，只需要 1 个字符 + 结束符 '\0'
 121   1          
 122   1          // 将数字 key 转换为字符形式，'0' - '9'
 123   1          str[0] = key + '0';  // key 是 0 到 9 之间的数字，转成字符 ('0' 到 '9')
 124   1          str[1] = '\0';  // 字符串结束符
 125   1      
 126   1          // 调用 LcdPrintStr 显示字符
 127   1          LcdPrintStr(str);
 128   1      
 129   1          // 将字符串传递给 LCD 显示函数
 130   1          //LcdPrintStr((unsigned char*)str);  // 转换为 unsigned char* 类型
 131   1      }


MODULE INFORMATION:   STATIC OVERLAYABLE
   CODE SIZE        =    205    ----
   CONSTANT SIZE    =     34    ----
   XDATA SIZE       =   ----    ----
   PDATA SIZE       =   ----    ----
   DATA SIZE        =   ----       6
   IDATA SIZE       =   ----    ----
   BIT SIZE         =   ----    ----
END OF MODULE INFORMATION.


C51 COMPILATION COMPLETE.  0 WARNING(S),  0 ERROR(S)
